The system is: Darwin - 18.7.0 - x86_64
Compiling the C compiler identification source file "CMakeCCompilerId.c" succeeded.
Compiler: /opt/local/bin/gcc-mp-5 
Build flags: 
Id flags:  

The output was:
0


Compilation of the C compiler identification source "CMakeCCompilerId.c" produced "a.out"

The C compiler identification is GNU, found in "/Users/bulakhigor/CLionProjects/Red/cmake-build-default/CMakeFiles/3.14.5/CompilerIdC/a.out"

Compiling the CXX compiler identification source file "CMakeCXXCompilerId.cpp" succeeded.
Compiler: /opt/local/bin/c++-mp-5 
Build flags: 
Id flags:  

The output was:
0


Compilation of the CXX compiler identification source "CMakeCXXCompilerId.cpp" produced "a.out"

The CXX compiler identification is GNU, found in "/Users/bulakhigor/CLionProjects/Red/cmake-build-default/CMakeFiles/3.14.5/CompilerIdCXX/a.out"

Determining if the C compiler works passed with the following output:
Change Dir: /Users/bulakhigor/CLionProjects/Red/cmake-build-default/CMakeFiles/CMakeTmp

Run Build Command(s):/usr/bin/make cmTC_7a978/fast 
/Applications/Xcode.app/Contents/Developer/usr/bin/make -f CMakeFiles/cmTC_7a978.dir/build.make CMakeFiles/cmTC_7a978.dir/build
Building C object CMakeFiles/cmTC_7a978.dir/testCCompiler.c.o
/opt/local/bin/gcc-mp-5   -isysroot /Applications/Xcode.app/Contents/Developer/Platforms/MacOSX.platform/Developer/SDKs/MacOSX10.14.sdk   -o CMakeFiles/cmTC_7a978.dir/testCCompiler.c.o   -c /Users/bulakhigor/CLionProjects/Red/cmake-build-default/CMakeFiles/CMakeTmp/testCCompiler.c
Linking C executable cmTC_7a978
/Applications/CLion.app/Contents/bin/cmake/mac/bin/cmake -E cmake_link_script CMakeFiles/cmTC_7a978.dir/link.txt --verbose=1
/opt/local/bin/gcc-mp-5   -isysroot /Applications/Xcode.app/Contents/Developer/Platforms/MacOSX.platform/Developer/SDKs/MacOSX10.14.sdk -Wl,-search_paths_first -Wl,-headerpad_max_install_names   CMakeFiles/cmTC_7a978.dir/testCCompiler.c.o  -o cmTC_7a978 


Detecting C compiler ABI info compiled with the following output:
Change Dir: /Users/bulakhigor/CLionProjects/Red/cmake-build-default/CMakeFiles/CMakeTmp

Run Build Command(s):/usr/bin/make cmTC_5585a/fast 
/Applications/Xcode.app/Contents/Developer/usr/bin/make -f CMakeFiles/cmTC_5585a.dir/build.make CMakeFiles/cmTC_5585a.dir/build
Building C object CMakeFiles/cmTC_5585a.dir/CMakeCCompilerABI.c.o
/opt/local/bin/gcc-mp-5   -isysroot /Applications/Xcode.app/Contents/Developer/Platforms/MacOSX.platform/Developer/SDKs/MacOSX10.14.sdk   -v -Wl,-v -o CMakeFiles/cmTC_5585a.dir/CMakeCCompilerABI.c.o   -c /Applications/CLion.app/Contents/bin/cmake/mac/share/cmake-3.14/Modules/CMakeCCompilerABI.c
Using built-in specs.
COLLECT_GCC=/opt/local/bin/gcc-mp-5
Target: x86_64-apple-darwin18
Configured with: /opt/local/var/macports/build/_opt_bblocal_var_buildworker_ports_build_ports_lang_gcc5/gcc5/work/gcc-5.5.0/configure --prefix=/opt/local --build=x86_64-apple-darwin18 --enable-languages=c,c++,objc,obj-c++,lto,fortran,java --libdir=/opt/local/lib/gcc5 --includedir=/opt/local/include/gcc5 --infodir=/opt/local/share/info --mandir=/opt/local/share/man --datarootdir=/opt/local/share/gcc-5 --with-libiconv-prefix=/opt/local --with-local-prefix=/opt/local --with-system-zlib --disable-nls --program-suffix=-mp-5 --with-gxx-include-dir=/opt/local/include/gcc5/c++/ --with-gmp=/opt/local --with-mpfr=/opt/local --with-mpc=/opt/local --with-isl=/opt/local/libexec/isl18 --enable-stage1-checking --disable-multilib --enable-lto --enable-libstdcxx-time --with-build-config=bootstrap-debug --with-as=/opt/local/bin/as --with-ld=/opt/local/bin/ld --with-ar=/opt/local/bin/ar --with-bugurl=https://trac.macports.org/newticket --disable-tls --with-pkgversion='MacPorts gcc5 5.5.0_5' --with-sysroot=/Applications/Xcode.app/Contents/Developer/Platforms/MacOSX.platform/Developer/SDKs/MacOSX10.14.sdk
Thread model: posix
gcc version 5.5.0 (MacPorts gcc5 5.5.0_5) 
COLLECT_GCC_OPTIONS='-mmacosx-version-min=10.14.7' '-isysroot' '/Applications/Xcode.app/Contents/Developer/Platforms/MacOSX.platform/Developer/SDKs/MacOSX10.14.sdk' '-v' '-o' 'CMakeFiles/cmTC_5585a.dir/CMakeCCompilerABI.c.o' '-c' '-mtune=core2'
 /opt/local/libexec/gcc/x86_64-apple-darwin18/5.5.0/cc1 -quiet -v -D__DYNAMIC__ -isysroot /Applications/Xcode.app/Contents/Developer/Platforms/MacOSX.platform/Developer/SDKs/MacOSX10.14.sdk /Applications/CLion.app/Contents/bin/cmake/mac/share/cmake-3.14/Modules/CMakeCCompilerABI.c -fPIC -quiet -dumpbase CMakeCCompilerABI.c -mmacosx-version-min=10.14.7 -mtune=core2 -auxbase-strip CMakeFiles/cmTC_5585a.dir/CMakeCCompilerABI.c.o -version -o /var/folders/t7/qlsqklk524s4xlzh5s1znqmd8yyg6y/T//ccuHQemr.s
GNU C11 (MacPorts gcc5 5.5.0_5) version 5.5.0 (x86_64-apple-darwin18)
	compiled by GNU C version 5.5.0, GMP version 6.1.2, MPFR version 4.0.2, MPC version 1.1.0
GGC heuristics: --param ggc-min-expand=100 --param ggc-min-heapsize=131072
ignoring nonexistent directory "/Applications/Xcode.app/Contents/Developer/Platforms/MacOSX.platform/Developer/SDKs/MacOSX10.14.sdk/opt/local/include"
ignoring nonexistent directory "/opt/local/lib/gcc5/gcc/x86_64-apple-darwin18/5.5.0/../../../../../x86_64-apple-darwin18/include"
ignoring nonexistent directory "/Applications/Xcode.app/Contents/Developer/Platforms/MacOSX.platform/Developer/SDKs/MacOSX10.14.sdk/Library/Frameworks"
#include "..." search starts here:
#include <...> search starts here:
 /opt/local/lib/gcc5/gcc/x86_64-apple-darwin18/5.5.0/include
 /opt/local/lib/gcc5/gcc/x86_64-apple-darwin18/5.5.0/include-fixed
 /Applications/Xcode.app/Contents/Developer/Platforms/MacOSX.platform/Developer/SDKs/MacOSX10.14.sdk/usr/include
 /Applications/Xcode.app/Contents/Developer/Platforms/MacOSX.platform/Developer/SDKs/MacOSX10.14.sdk/System/Library/Frameworks
End of search list.
GNU C11 (MacPorts gcc5 5.5.0_5) version 5.5.0 (x86_64-apple-darwin18)
	compiled by GNU C version 5.5.0, GMP version 6.1.2, MPFR version 4.0.2, MPC version 1.1.0
GGC heuristics: --param ggc-min-expand=100 --param ggc-min-heapsize=131072
Compiler executable checksum: d5eeaf0aac05aa94d311360852570f99
COLLECT_GCC_OPTIONS='-mmacosx-version-min=10.14.7' '-isysroot' '/Applications/Xcode.app/Contents/Developer/Platforms/MacOSX.platform/Developer/SDKs/MacOSX10.14.sdk' '-v' '-o' 'CMakeFiles/cmTC_5585a.dir/CMakeCCompilerABI.c.o' '-c' '-mtune=core2'
 /opt/local/bin/as -arch x86_64 -force_cpusubtype_ALL -o CMakeFiles/cmTC_5585a.dir/CMakeCCompilerABI.c.o /var/folders/t7/qlsqklk524s4xlzh5s1znqmd8yyg6y/T//ccuHQemr.s
COMPILER_PATH=/opt/local/libexec/gcc/x86_64-apple-darwin18/5.5.0/:/opt/local/libexec/gcc/x86_64-apple-darwin18/5.5.0/:/opt/local/libexec/gcc/x86_64-apple-darwin18/:/opt/local/lib/gcc5/gcc/x86_64-apple-darwin18/5.5.0/:/opt/local/lib/gcc5/gcc/x86_64-apple-darwin18/
LIBRARY_PATH=/opt/local/lib/gcc5/gcc/x86_64-apple-darwin18/5.5.0/:/opt/local/lib/gcc5/gcc/x86_64-apple-darwin18/5.5.0/../../../:/Applications/Xcode.app/Contents/Developer/Platforms/MacOSX.platform/Developer/SDKs/MacOSX10.14.sdk/usr/lib/
COLLECT_GCC_OPTIONS='-mmacosx-version-min=10.14.7' '-isysroot' '/Applications/Xcode.app/Contents/Developer/Platforms/MacOSX.platform/Developer/SDKs/MacOSX10.14.sdk' '-v' '-o' 'CMakeFiles/cmTC_5585a.dir/CMakeCCompilerABI.c.o' '-c' '-mtune=core2'
Linking C executable cmTC_5585a
/Applications/CLion.app/Contents/bin/cmake/mac/bin/cmake -E cmake_link_script CMakeFiles/cmTC_5585a.dir/link.txt --verbose=1
/opt/local/bin/gcc-mp-5   -isysroot /Applications/Xcode.app/Contents/Developer/Platforms/MacOSX.platform/Developer/SDKs/MacOSX10.14.sdk -Wl,-search_paths_first -Wl,-headerpad_max_install_names  -v -Wl,-v CMakeFiles/cmTC_5585a.dir/CMakeCCompilerABI.c.o  -o cmTC_5585a 
Using built-in specs.
COLLECT_GCC=/opt/local/bin/gcc-mp-5
COLLECT_LTO_WRAPPER=/opt/local/libexec/gcc/x86_64-apple-darwin18/5.5.0/lto-wrapper
Target: x86_64-apple-darwin18
Configured with: /opt/local/var/macports/build/_opt_bblocal_var_buildworker_ports_build_ports_lang_gcc5/gcc5/work/gcc-5.5.0/configure --prefix=/opt/local --build=x86_64-apple-darwin18 --enable-languages=c,c++,objc,obj-c++,lto,fortran,java --libdir=/opt/local/lib/gcc5 --includedir=/opt/local/include/gcc5 --infodir=/opt/local/share/info --mandir=/opt/local/share/man --datarootdir=/opt/local/share/gcc-5 --with-libiconv-prefix=/opt/local --with-local-prefix=/opt/local --with-system-zlib --disable-nls --program-suffix=-mp-5 --with-gxx-include-dir=/opt/local/include/gcc5/c++/ --with-gmp=/opt/local --with-mpfr=/opt/local --with-mpc=/opt/local --with-isl=/opt/local/libexec/isl18 --enable-stage1-checking --disable-multilib --enable-lto --enable-libstdcxx-time --with-build-config=bootstrap-debug --with-as=/opt/local/bin/as --with-ld=/opt/local/bin/ld --with-ar=/opt/local/bin/ar --with-bugurl=https://trac.macports.org/newticket --disable-tls --with-pkgversion='MacPorts gcc5 5.5.0_5' --with-sysroot=/Applications/Xcode.app/Contents/Developer/Platforms/MacOSX.platform/Developer/SDKs/MacOSX10.14.sdk
Thread model: posix
gcc version 5.5.0 (MacPorts gcc5 5.5.0_5) 
COMPILER_PATH=/opt/local/libexec/gcc/x86_64-apple-darwin18/5.5.0/:/opt/local/libexec/gcc/x86_64-apple-darwin18/5.5.0/:/opt/local/libexec/gcc/x86_64-apple-darwin18/:/opt/local/lib/gcc5/gcc/x86_64-apple-darwin18/5.5.0/:/opt/local/lib/gcc5/gcc/x86_64-apple-darwin18/
LIBRARY_PATH=/opt/local/lib/gcc5/gcc/x86_64-apple-darwin18/5.5.0/:/opt/local/lib/gcc5/gcc/x86_64-apple-darwin18/5.5.0/../../../:/Applications/Xcode.app/Contents/Developer/Platforms/MacOSX.platform/Developer/SDKs/MacOSX10.14.sdk/usr/lib/
COLLECT_GCC_OPTIONS='-mmacosx-version-min=10.14.7' '-isysroot' '/Applications/Xcode.app/Contents/Developer/Platforms/MacOSX.platform/Developer/SDKs/MacOSX10.14.sdk' '-v' '-o' 'cmTC_5585a' '-mtune=core2'
 /opt/local/libexec/gcc/x86_64-apple-darwin18/5.5.0/collect2 -dynamic -arch x86_64 -macosx_version_min 10.14.7 -syslibroot /Applications/Xcode.app/Contents/Developer/Platforms/MacOSX.platform/Developer/SDKs/MacOSX10.14.sdk -weak_reference_mismatches non-weak -o cmTC_5585a -L/opt/local/lib/gcc5/gcc/x86_64-apple-darwin18/5.5.0 -L/opt/local/lib/gcc5/gcc/x86_64-apple-darwin18/5.5.0/../../.. -L/Applications/Xcode.app/Contents/Developer/Platforms/MacOSX.platform/Developer/SDKs/MacOSX10.14.sdk/usr/lib -search_paths_first -headerpad_max_install_names -v CMakeFiles/cmTC_5585a.dir/CMakeCCompilerABI.c.o -no_compact_unwind -lSystem -lgcc_ext.10.5 -lgcc -lSystem -v
collect2 version 5.5.0
/opt/local/bin/ld -dynamic -arch x86_64 -macosx_version_min 10.14.7 -syslibroot /Applications/Xcode.app/Contents/Developer/Platforms/MacOSX.platform/Developer/SDKs/MacOSX10.14.sdk -weak_reference_mismatches non-weak -o cmTC_5585a -L/opt/local/lib/gcc5/gcc/x86_64-apple-darwin18/5.5.0 -L/opt/local/lib/gcc5/gcc/x86_64-apple-darwin18/5.5.0/../../.. -L/Applications/Xcode.app/Contents/Developer/Platforms/MacOSX.platform/Developer/SDKs/MacOSX10.14.sdk/usr/lib -search_paths_first -headerpad_max_install_names -v CMakeFiles/cmTC_5585a.dir/CMakeCCompilerABI.c.o -no_compact_unwind -lSystem -lgcc_ext.10.5 -lgcc -lSystem -v
@(#)PROGRAM:ld  PROJECT:ld64-450.3
BUILD 18:16:53 Apr  5 2019
configured to support archs: armv6 armv7 armv7s arm64 arm64e arm64_32 i386 x86_64 x86_64h armv6m armv7k armv7m armv7em
@(#)PROGRAM:ld  PROJECT:ld64-450.3
BUILD 18:16:53 Apr  5 2019
configured to support archs: armv6 armv7 armv7s arm64 arm64e arm64_32 i386 x86_64 x86_64h armv6m armv7k armv7m armv7em
Library search paths:
	/opt/local/lib/gcc5/gcc/x86_64-apple-darwin18/5.5.0
	/opt/local/lib/gcc5
	/Applications/Xcode.app/Contents/Developer/Platforms/MacOSX.platform/Developer/SDKs/MacOSX10.14.sdk/usr/lib
	/Applications/Xcode.app/Contents/Developer/Platforms/MacOSX.platform/Developer/SDKs/MacOSX10.14.sdk/usr/lib
Framework search paths:
	/Applications/Xcode.app/Contents/Developer/Platforms/MacOSX.platform/Developer/SDKs/MacOSX10.14.sdk/System/Library/Frameworks/
 /opt/local/bin/nm -n CMakeFiles/cmTC_5585a.dir/CMakeCCompilerABI.c.o


Parsed C implicit include dir info from above output: rv=done
  found start of include info
  found start of implicit include info
    add: [/opt/local/lib/gcc5/gcc/x86_64-apple-darwin18/5.5.0/include]
    add: [/opt/local/lib/gcc5/gcc/x86_64-apple-darwin18/5.5.0/include-fixed]
    add: [/Applications/Xcode.app/Contents/Developer/Platforms/MacOSX.platform/Developer/SDKs/MacOSX10.14.sdk/usr/include]
    add: [/Applications/Xcode.app/Contents/Developer/Platforms/MacOSX.platform/Developer/SDKs/MacOSX10.14.sdk/System/Library/Frameworks]
  end of search list found
  collapse include dir [/opt/local/lib/gcc5/gcc/x86_64-apple-darwin18/5.5.0/include] ==> [/opt/local/lib/gcc5/gcc/x86_64-apple-darwin18/5.5.0/include]
  collapse include dir [/opt/local/lib/gcc5/gcc/x86_64-apple-darwin18/5.5.0/include-fixed] ==> [/opt/local/lib/gcc5/gcc/x86_64-apple-darwin18/5.5.0/include-fixed]
  collapse include dir [/Applications/Xcode.app/Contents/Developer/Platforms/MacOSX.platform/Developer/SDKs/MacOSX10.14.sdk/usr/include] ==> [/Applications/Xcode.app/Contents/Developer/Platforms/MacOSX.platform/Developer/SDKs/MacOSX10.14.sdk/usr/include]
  collapse include dir [/Applications/Xcode.app/Contents/Developer/Platforms/MacOSX.platform/Developer/SDKs/MacOSX10.14.sdk/System/Library/Frameworks] ==> [/Applications/Xcode.app/Contents/Developer/Platforms/MacOSX.platform/Developer/SDKs/MacOSX10.14.sdk/System/Library/Frameworks]
  implicit include dirs: [/opt/local/lib/gcc5/gcc/x86_64-apple-darwin18/5.5.0/include;/opt/local/lib/gcc5/gcc/x86_64-apple-darwin18/5.5.0/include-fixed;/Applications/Xcode.app/Contents/Developer/Platforms/MacOSX.platform/Developer/SDKs/MacOSX10.14.sdk/usr/include;/Applications/Xcode.app/Contents/Developer/Platforms/MacOSX.platform/Developer/SDKs/MacOSX10.14.sdk/System/Library/Frameworks]


Parsed C implicit link information from above output:
  link line regex: [^( *|.*[/\])(ld|CMAKE_LINK_STARTFILE-NOTFOUND|([^/\]+-)?ld|collect2)[^/\]*( |$)]
  ignore line: [Change Dir: /Users/bulakhigor/CLionProjects/Red/cmake-build-default/CMakeFiles/CMakeTmp]
  ignore line: []
  ignore line: [Run Build Command(s):/usr/bin/make cmTC_5585a/fast ]
  ignore line: [/Applications/Xcode.app/Contents/Developer/usr/bin/make -f CMakeFiles/cmTC_5585a.dir/build.make CMakeFiles/cmTC_5585a.dir/build]
  ignore line: [Building C object CMakeFiles/cmTC_5585a.dir/CMakeCCompilerABI.c.o]
  ignore line: [/opt/local/bin/gcc-mp-5   -isysroot /Applications/Xcode.app/Contents/Developer/Platforms/MacOSX.platform/Developer/SDKs/MacOSX10.14.sdk   -v -Wl,-v -o CMakeFiles/cmTC_5585a.dir/CMakeCCompilerABI.c.o   -c /Applications/CLion.app/Contents/bin/cmake/mac/share/cmake-3.14/Modules/CMakeCCompilerABI.c]
  ignore line: [Using built-in specs.]
  ignore line: [COLLECT_GCC=/opt/local/bin/gcc-mp-5]
  ignore line: [Target: x86_64-apple-darwin18]
  ignore line: [Configured with: /opt/local/var/macports/build/_opt_bblocal_var_buildworker_ports_build_ports_lang_gcc5/gcc5/work/gcc-5.5.0/configure --prefix=/opt/local --build=x86_64-apple-darwin18 --enable-languages=c,c++,objc,obj-c++,lto,fortran,java --libdir=/opt/local/lib/gcc5 --includedir=/opt/local/include/gcc5 --infodir=/opt/local/share/info --mandir=/opt/local/share/man --datarootdir=/opt/local/share/gcc-5 --with-libiconv-prefix=/opt/local --with-local-prefix=/opt/local --with-system-zlib --disable-nls --program-suffix=-mp-5 --with-gxx-include-dir=/opt/local/include/gcc5/c++/ --with-gmp=/opt/local --with-mpfr=/opt/local --with-mpc=/opt/local --with-isl=/opt/local/libexec/isl18 --enable-stage1-checking --disable-multilib --enable-lto --enable-libstdcxx-time --with-build-config=bootstrap-debug --with-as=/opt/local/bin/as --with-ld=/opt/local/bin/ld --with-ar=/opt/local/bin/ar --with-bugurl=https://trac.macports.org/newticket --disable-tls --with-pkgversion='MacPorts gcc5 5.5.0_5' --with-sysroot=/Applications/Xcode.app/Contents/Developer/Platforms/MacOSX.platform/Developer/SDKs/MacOSX10.14.sdk]
  ignore line: [Thread model: posix]
  ignore line: [gcc version 5.5.0 (MacPorts gcc5 5.5.0_5) ]
  ignore line: [COLLECT_GCC_OPTIONS='-mmacosx-version-min=10.14.7' '-isysroot' '/Applications/Xcode.app/Contents/Developer/Platforms/MacOSX.platform/Developer/SDKs/MacOSX10.14.sdk' '-v' '-o' 'CMakeFiles/cmTC_5585a.dir/CMakeCCompilerABI.c.o' '-c' '-mtune=core2']
  ignore line: [ /opt/local/libexec/gcc/x86_64-apple-darwin18/5.5.0/cc1 -quiet -v -D__DYNAMIC__ -isysroot /Applications/Xcode.app/Contents/Developer/Platforms/MacOSX.platform/Developer/SDKs/MacOSX10.14.sdk /Applications/CLion.app/Contents/bin/cmake/mac/share/cmake-3.14/Modules/CMakeCCompilerABI.c -fPIC -quiet -dumpbase CMakeCCompilerABI.c -mmacosx-version-min=10.14.7 -mtune=core2 -auxbase-strip CMakeFiles/cmTC_5585a.dir/CMakeCCompilerABI.c.o -version -o /var/folders/t7/qlsqklk524s4xlzh5s1znqmd8yyg6y/T//ccuHQemr.s]
  ignore line: [GNU C11 (MacPorts gcc5 5.5.0_5) version 5.5.0 (x86_64-apple-darwin18)]
  ignore line: [	compiled by GNU C version 5.5.0, GMP version 6.1.2, MPFR version 4.0.2, MPC version 1.1.0]
  ignore line: [GGC heuristics: --param ggc-min-expand=100 --param ggc-min-heapsize=131072]
  ignore line: [ignoring nonexistent directory "/Applications/Xcode.app/Contents/Developer/Platforms/MacOSX.platform/Developer/SDKs/MacOSX10.14.sdk/opt/local/include"]
  ignore line: [ignoring nonexistent directory "/opt/local/lib/gcc5/gcc/x86_64-apple-darwin18/5.5.0/../../../../../x86_64-apple-darwin18/include"]
  ignore line: [ignoring nonexistent directory "/Applications/Xcode.app/Contents/Developer/Platforms/MacOSX.platform/Developer/SDKs/MacOSX10.14.sdk/Library/Frameworks"]
  ignore line: [#include "..." search starts here:]
  ignore line: [#include <...> search starts here:]
  ignore line: [ /opt/local/lib/gcc5/gcc/x86_64-apple-darwin18/5.5.0/include]
  ignore line: [ /opt/local/lib/gcc5/gcc/x86_64-apple-darwin18/5.5.0/include-fixed]
  ignore line: [ /Applications/Xcode.app/Contents/Developer/Platforms/MacOSX.platform/Developer/SDKs/MacOSX10.14.sdk/usr/include]
  ignore line: [ /Applications/Xcode.app/Contents/Developer/Platforms/MacOSX.platform/Developer/SDKs/MacOSX10.14.sdk/System/Library/Frameworks]
  ignore line: [End of search list.]
  ignore line: [GNU C11 (MacPorts gcc5 5.5.0_5) version 5.5.0 (x86_64-apple-darwin18)]
  ignore line: [	compiled by GNU C version 5.5.0, GMP version 6.1.2, MPFR version 4.0.2, MPC version 1.1.0]
  ignore line: [GGC heuristics: --param ggc-min-expand=100 --param ggc-min-heapsize=131072]
  ignore line: [Compiler executable checksum: d5eeaf0aac05aa94d311360852570f99]
  ignore line: [COLLECT_GCC_OPTIONS='-mmacosx-version-min=10.14.7' '-isysroot' '/Applications/Xcode.app/Contents/Developer/Platforms/MacOSX.platform/Developer/SDKs/MacOSX10.14.sdk' '-v' '-o' 'CMakeFiles/cmTC_5585a.dir/CMakeCCompilerABI.c.o' '-c' '-mtune=core2']
  ignore line: [ /opt/local/bin/as -arch x86_64 -force_cpusubtype_ALL -o CMakeFiles/cmTC_5585a.dir/CMakeCCompilerABI.c.o /var/folders/t7/qlsqklk524s4xlzh5s1znqmd8yyg6y/T//ccuHQemr.s]
  ignore line: [COMPILER_PATH=/opt/local/libexec/gcc/x86_64-apple-darwin18/5.5.0/:/opt/local/libexec/gcc/x86_64-apple-darwin18/5.5.0/:/opt/local/libexec/gcc/x86_64-apple-darwin18/:/opt/local/lib/gcc5/gcc/x86_64-apple-darwin18/5.5.0/:/opt/local/lib/gcc5/gcc/x86_64-apple-darwin18/]
  ignore line: [LIBRARY_PATH=/opt/local/lib/gcc5/gcc/x86_64-apple-darwin18/5.5.0/:/opt/local/lib/gcc5/gcc/x86_64-apple-darwin18/5.5.0/../../../:/Applications/Xcode.app/Contents/Developer/Platforms/MacOSX.platform/Developer/SDKs/MacOSX10.14.sdk/usr/lib/]
  ignore line: [COLLECT_GCC_OPTIONS='-mmacosx-version-min=10.14.7' '-isysroot' '/Applications/Xcode.app/Contents/Developer/Platforms/MacOSX.platform/Developer/SDKs/MacOSX10.14.sdk' '-v' '-o' 'CMakeFiles/cmTC_5585a.dir/CMakeCCompilerABI.c.o' '-c' '-mtune=core2']
  ignore line: [Linking C executable cmTC_5585a]
  ignore line: [/Applications/CLion.app/Contents/bin/cmake/mac/bin/cmake -E cmake_link_script CMakeFiles/cmTC_5585a.dir/link.txt --verbose=1]
  ignore line: [/opt/local/bin/gcc-mp-5   -isysroot /Applications/Xcode.app/Contents/Developer/Platforms/MacOSX.platform/Developer/SDKs/MacOSX10.14.sdk -Wl,-search_paths_first -Wl,-headerpad_max_install_names  -v -Wl,-v CMakeFiles/cmTC_5585a.dir/CMakeCCompilerABI.c.o  -o cmTC_5585a ]
  ignore line: [Using built-in specs.]
  ignore line: [COLLECT_GCC=/opt/local/bin/gcc-mp-5]
  ignore line: [COLLECT_LTO_WRAPPER=/opt/local/libexec/gcc/x86_64-apple-darwin18/5.5.0/lto-wrapper]
  ignore line: [Target: x86_64-apple-darwin18]
  ignore line: [Configured with: /opt/local/var/macports/build/_opt_bblocal_var_buildworker_ports_build_ports_lang_gcc5/gcc5/work/gcc-5.5.0/configure --prefix=/opt/local --build=x86_64-apple-darwin18 --enable-languages=c,c++,objc,obj-c++,lto,fortran,java --libdir=/opt/local/lib/gcc5 --includedir=/opt/local/include/gcc5 --infodir=/opt/local/share/info --mandir=/opt/local/share/man --datarootdir=/opt/local/share/gcc-5 --with-libiconv-prefix=/opt/local --with-local-prefix=/opt/local --with-system-zlib --disable-nls --program-suffix=-mp-5 --with-gxx-include-dir=/opt/local/include/gcc5/c++/ --with-gmp=/opt/local --with-mpfr=/opt/local --with-mpc=/opt/local --with-isl=/opt/local/libexec/isl18 --enable-stage1-checking --disable-multilib --enable-lto --enable-libstdcxx-time --with-build-config=bootstrap-debug --with-as=/opt/local/bin/as --with-ld=/opt/local/bin/ld --with-ar=/opt/local/bin/ar --with-bugurl=https://trac.macports.org/newticket --disable-tls --with-pkgversion='MacPorts gcc5 5.5.0_5' --with-sysroot=/Applications/Xcode.app/Contents/Developer/Platforms/MacOSX.platform/Developer/SDKs/MacOSX10.14.sdk]
  ignore line: [Thread model: posix]
  ignore line: [gcc version 5.5.0 (MacPorts gcc5 5.5.0_5) ]
  ignore line: [COMPILER_PATH=/opt/local/libexec/gcc/x86_64-apple-darwin18/5.5.0/:/opt/local/libexec/gcc/x86_64-apple-darwin18/5.5.0/:/opt/local/libexec/gcc/x86_64-apple-darwin18/:/opt/local/lib/gcc5/gcc/x86_64-apple-darwin18/5.5.0/:/opt/local/lib/gcc5/gcc/x86_64-apple-darwin18/]
  ignore line: [LIBRARY_PATH=/opt/local/lib/gcc5/gcc/x86_64-apple-darwin18/5.5.0/:/opt/local/lib/gcc5/gcc/x86_64-apple-darwin18/5.5.0/../../../:/Applications/Xcode.app/Contents/Developer/Platforms/MacOSX.platform/Developer/SDKs/MacOSX10.14.sdk/usr/lib/]
  ignore line: [COLLECT_GCC_OPTIONS='-mmacosx-version-min=10.14.7' '-isysroot' '/Applications/Xcode.app/Contents/Developer/Platforms/MacOSX.platform/Developer/SDKs/MacOSX10.14.sdk' '-v' '-o' 'cmTC_5585a' '-mtune=core2']
  link line: [ /opt/local/libexec/gcc/x86_64-apple-darwin18/5.5.0/collect2 -dynamic -arch x86_64 -macosx_version_min 10.14.7 -syslibroot /Applications/Xcode.app/Contents/Developer/Platforms/MacOSX.platform/Developer/SDKs/MacOSX10.14.sdk -weak_reference_mismatches non-weak -o cmTC_5585a -L/opt/local/lib/gcc5/gcc/x86_64-apple-darwin18/5.5.0 -L/opt/local/lib/gcc5/gcc/x86_64-apple-darwin18/5.5.0/../../.. -L/Applications/Xcode.app/Contents/Developer/Platforms/MacOSX.platform/Developer/SDKs/MacOSX10.14.sdk/usr/lib -search_paths_first -headerpad_max_install_names -v CMakeFiles/cmTC_5585a.dir/CMakeCCompilerABI.c.o -no_compact_unwind -lSystem -lgcc_ext.10.5 -lgcc -lSystem -v]
    arg [/opt/local/libexec/gcc/x86_64-apple-darwin18/5.5.0/collect2] ==> ignore
    arg [-dynamic] ==> ignore
    arg [-arch] ==> ignore
    arg [x86_64] ==> ignore
    arg [-macosx_version_min] ==> ignore
    arg [10.14.7] ==> ignore
    arg [-syslibroot] ==> ignore
    arg [/Applications/Xcode.app/Contents/Developer/Platforms/MacOSX.platform/Developer/SDKs/MacOSX10.14.sdk] ==> ignore
    arg [-weak_reference_mismatches] ==> ignore
    arg [non-weak] ==> ignore
    arg [-o] ==> ignore
    arg [cmTC_5585a] ==> ignore
    arg [-L/opt/local/lib/gcc5/gcc/x86_64-apple-darwin18/5.5.0] ==> dir [/opt/local/lib/gcc5/gcc/x86_64-apple-darwin18/5.5.0]
    arg [-L/opt/local/lib/gcc5/gcc/x86_64-apple-darwin18/5.5.0/../../..] ==> dir [/opt/local/lib/gcc5/gcc/x86_64-apple-darwin18/5.5.0/../../..]
    arg [-L/Applications/Xcode.app/Contents/Developer/Platforms/MacOSX.platform/Developer/SDKs/MacOSX10.14.sdk/usr/lib] ==> dir [/Applications/Xcode.app/Contents/Developer/Platforms/MacOSX.platform/Developer/SDKs/MacOSX10.14.sdk/usr/lib]
    arg [-search_paths_first] ==> ignore
    arg [-headerpad_max_install_names] ==> ignore
    arg [-v] ==> ignore
    arg [CMakeFiles/cmTC_5585a.dir/CMakeCCompilerABI.c.o] ==> ignore
    arg [-no_compact_unwind] ==> ignore
    arg [-lSystem] ==> lib [System]
    arg [-lgcc_ext.10.5] ==> lib [gcc_ext.10.5]
    arg [-lgcc] ==> lib [gcc]
    arg [-lSystem] ==> lib [System]
    arg [-v] ==> ignore
  Library search paths: [;/opt/local/lib/gcc5/gcc/x86_64-apple-darwin18/5.5.0;/opt/local/lib/gcc5;/Applications/Xcode.app/Contents/Developer/Platforms/MacOSX.platform/Developer/SDKs/MacOSX10.14.sdk/usr/lib;/Applications/Xcode.app/Contents/Developer/Platforms/MacOSX.platform/Developer/SDKs/MacOSX10.14.sdk/usr/lib]
  Framework search paths: [;/Applications/Xcode.app/Contents/Developer/Platforms/MacOSX.platform/Developer/SDKs/MacOSX10.14.sdk/System/Library/Frameworks/]
  remove lib [System]
  remove lib [System]
  collapse library dir [/opt/local/lib/gcc5/gcc/x86_64-apple-darwin18/5.5.0] ==> [/opt/local/lib/gcc5/gcc/x86_64-apple-darwin18/5.5.0]
  collapse library dir [/opt/local/lib/gcc5/gcc/x86_64-apple-darwin18/5.5.0/../../..] ==> [/opt/local/lib/gcc5]
  collapse library dir [/Applications/Xcode.app/Contents/Developer/Platforms/MacOSX.platform/Developer/SDKs/MacOSX10.14.sdk/usr/lib] ==> [/Applications/Xcode.app/Contents/Developer/Platforms/MacOSX.platform/Developer/SDKs/MacOSX10.14.sdk/usr/lib]
  collapse library dir [/opt/local/lib/gcc5/gcc/x86_64-apple-darwin18/5.5.0] ==> [/opt/local/lib/gcc5/gcc/x86_64-apple-darwin18/5.5.0]
  collapse library dir [/opt/local/lib/gcc5] ==> [/opt/local/lib/gcc5]
  collapse library dir [/Applications/Xcode.app/Contents/Developer/Platforms/MacOSX.platform/Developer/SDKs/MacOSX10.14.sdk/usr/lib] ==> [/Applications/Xcode.app/Contents/Developer/Platforms/MacOSX.platform/Developer/SDKs/MacOSX10.14.sdk/usr/lib]
  collapse library dir [/Applications/Xcode.app/Contents/Developer/Platforms/MacOSX.platform/Developer/SDKs/MacOSX10.14.sdk/usr/lib] ==> [/Applications/Xcode.app/Contents/Developer/Platforms/MacOSX.platform/Developer/SDKs/MacOSX10.14.sdk/usr/lib]
  collapse framework dir [/Applications/Xcode.app/Contents/Developer/Platforms/MacOSX.platform/Developer/SDKs/MacOSX10.14.sdk/System/Library/Frameworks/] ==> [/Applications/Xcode.app/Contents/Developer/Platforms/MacOSX.platform/Developer/SDKs/MacOSX10.14.sdk/System/Library/Frameworks]
  implicit libs: [gcc_ext.10.5;gcc]
  implicit dirs: [/opt/local/lib/gcc5/gcc/x86_64-apple-darwin18/5.5.0;/opt/local/lib/gcc5;/Applications/Xcode.app/Contents/Developer/Platforms/MacOSX.platform/Developer/SDKs/MacOSX10.14.sdk/usr/lib]
  implicit fwks: [/Applications/Xcode.app/Contents/Developer/Platforms/MacOSX.platform/Developer/SDKs/MacOSX10.14.sdk/System/Library/Frameworks]




Detecting C [-std=c11] compiler features compiled with the following output:
Change Dir: /Users/bulakhigor/CLionProjects/Red/cmake-build-default/CMakeFiles/CMakeTmp

Run Build Command(s):/usr/bin/make cmTC_b7d25/fast 
/Applications/Xcode.app/Contents/Developer/usr/bin/make -f CMakeFiles/cmTC_b7d25.dir/build.make CMakeFiles/cmTC_b7d25.dir/build
Building C object CMakeFiles/cmTC_b7d25.dir/feature_tests.c.o
/opt/local/bin/gcc-mp-5   -isysroot /Applications/Xcode.app/Contents/Developer/Platforms/MacOSX.platform/Developer/SDKs/MacOSX10.14.sdk   -std=c11 -o CMakeFiles/cmTC_b7d25.dir/feature_tests.c.o   -c /Users/bulakhigor/CLionProjects/Red/cmake-build-default/CMakeFiles/feature_tests.c
Linking C executable cmTC_b7d25
/Applications/CLion.app/Contents/bin/cmake/mac/bin/cmake -E cmake_link_script CMakeFiles/cmTC_b7d25.dir/link.txt --verbose=1
/opt/local/bin/gcc-mp-5   -isysroot /Applications/Xcode.app/Contents/Developer/Platforms/MacOSX.platform/Developer/SDKs/MacOSX10.14.sdk -Wl,-search_paths_first -Wl,-headerpad_max_install_names   CMakeFiles/cmTC_b7d25.dir/feature_tests.c.o  -o cmTC_b7d25 


    Feature record: C_FEATURE:1c_function_prototypes
    Feature record: C_FEATURE:1c_restrict
    Feature record: C_FEATURE:1c_static_assert
    Feature record: C_FEATURE:1c_variadic_macros


Detecting C [-std=c99] compiler features compiled with the following output:
Change Dir: /Users/bulakhigor/CLionProjects/Red/cmake-build-default/CMakeFiles/CMakeTmp

Run Build Command(s):/usr/bin/make cmTC_3264e/fast 
/Applications/Xcode.app/Contents/Developer/usr/bin/make -f CMakeFiles/cmTC_3264e.dir/build.make CMakeFiles/cmTC_3264e.dir/build
Building C object CMakeFiles/cmTC_3264e.dir/feature_tests.c.o
/opt/local/bin/gcc-mp-5   -isysroot /Applications/Xcode.app/Contents/Developer/Platforms/MacOSX.platform/Developer/SDKs/MacOSX10.14.sdk   -std=c99 -o CMakeFiles/cmTC_3264e.dir/feature_tests.c.o   -c /Users/bulakhigor/CLionProjects/Red/cmake-build-default/CMakeFiles/feature_tests.c
Linking C executable cmTC_3264e
/Applications/CLion.app/Contents/bin/cmake/mac/bin/cmake -E cmake_link_script CMakeFiles/cmTC_3264e.dir/link.txt --verbose=1
/opt/local/bin/gcc-mp-5   -isysroot /Applications/Xcode.app/Contents/Developer/Platforms/MacOSX.platform/Developer/SDKs/MacOSX10.14.sdk -Wl,-search_paths_first -Wl,-headerpad_max_install_names   CMakeFiles/cmTC_3264e.dir/feature_tests.c.o  -o cmTC_3264e 


    Feature record: C_FEATURE:1c_function_prototypes
    Feature record: C_FEATURE:1c_restrict
    Feature record: C_FEATURE:0c_static_assert
    Feature record: C_FEATURE:1c_variadic_macros


Detecting C [-std=c90] compiler features compiled with the following output:
Change Dir: /Users/bulakhigor/CLionProjects/Red/cmake-build-default/CMakeFiles/CMakeTmp

Run Build Command(s):/usr/bin/make cmTC_30aea/fast 
/Applications/Xcode.app/Contents/Developer/usr/bin/make -f CMakeFiles/cmTC_30aea.dir/build.make CMakeFiles/cmTC_30aea.dir/build
Building C object CMakeFiles/cmTC_30aea.dir/feature_tests.c.o
/opt/local/bin/gcc-mp-5   -isysroot /Applications/Xcode.app/Contents/Developer/Platforms/MacOSX.platform/Developer/SDKs/MacOSX10.14.sdk   -std=c90 -o CMakeFiles/cmTC_30aea.dir/feature_tests.c.o   -c /Users/bulakhigor/CLionProjects/Red/cmake-build-default/CMakeFiles/feature_tests.c
Linking C executable cmTC_30aea
/Applications/CLion.app/Contents/bin/cmake/mac/bin/cmake -E cmake_link_script CMakeFiles/cmTC_30aea.dir/link.txt --verbose=1
/opt/local/bin/gcc-mp-5   -isysroot /Applications/Xcode.app/Contents/Developer/Platforms/MacOSX.platform/Developer/SDKs/MacOSX10.14.sdk -Wl,-search_paths_first -Wl,-headerpad_max_install_names   CMakeFiles/cmTC_30aea.dir/feature_tests.c.o  -o cmTC_30aea 


    Feature record: C_FEATURE:1c_function_prototypes
    Feature record: C_FEATURE:0c_restrict
    Feature record: C_FEATURE:0c_static_assert
    Feature record: C_FEATURE:0c_variadic_macros
Determining if the CXX compiler works passed with the following output:
Change Dir: /Users/bulakhigor/CLionProjects/Red/cmake-build-default/CMakeFiles/CMakeTmp

Run Build Command(s):/usr/bin/make cmTC_835cc/fast 
/Applications/Xcode.app/Contents/Developer/usr/bin/make -f CMakeFiles/cmTC_835cc.dir/build.make CMakeFiles/cmTC_835cc.dir/build
Building CXX object CMakeFiles/cmTC_835cc.dir/testCXXCompiler.cxx.o
/opt/local/bin/c++-mp-5    -isysroot /Applications/Xcode.app/Contents/Developer/Platforms/MacOSX.platform/Developer/SDKs/MacOSX10.14.sdk   -o CMakeFiles/cmTC_835cc.dir/testCXXCompiler.cxx.o -c /Users/bulakhigor/CLionProjects/Red/cmake-build-default/CMakeFiles/CMakeTmp/testCXXCompiler.cxx
Linking CXX executable cmTC_835cc
/Applications/CLion.app/Contents/bin/cmake/mac/bin/cmake -E cmake_link_script CMakeFiles/cmTC_835cc.dir/link.txt --verbose=1
/opt/local/bin/c++-mp-5    -isysroot /Applications/Xcode.app/Contents/Developer/Platforms/MacOSX.platform/Developer/SDKs/MacOSX10.14.sdk -Wl,-search_paths_first -Wl,-headerpad_max_install_names   CMakeFiles/cmTC_835cc.dir/testCXXCompiler.cxx.o  -o cmTC_835cc 


Detecting CXX compiler ABI info compiled with the following output:
Change Dir: /Users/bulakhigor/CLionProjects/Red/cmake-build-default/CMakeFiles/CMakeTmp

Run Build Command(s):/usr/bin/make cmTC_502cd/fast 
/Applications/Xcode.app/Contents/Developer/usr/bin/make -f CMakeFiles/cmTC_502cd.dir/build.make CMakeFiles/cmTC_502cd.dir/build
Building CXX object CMakeFiles/cmTC_502cd.dir/CMakeCXXCompilerABI.cpp.o
/opt/local/bin/c++-mp-5    -isysroot /Applications/Xcode.app/Contents/Developer/Platforms/MacOSX.platform/Developer/SDKs/MacOSX10.14.sdk   -v -Wl,-v -o CMakeFiles/cmTC_502cd.dir/CMakeCXXCompilerABI.cpp.o -c /Applications/CLion.app/Contents/bin/cmake/mac/share/cmake-3.14/Modules/CMakeCXXCompilerABI.cpp
Using built-in specs.
COLLECT_GCC=/opt/local/bin/c++-mp-5
Target: x86_64-apple-darwin18
Configured with: /opt/local/var/macports/build/_opt_bblocal_var_buildworker_ports_build_ports_lang_gcc5/gcc5/work/gcc-5.5.0/configure --prefix=/opt/local --build=x86_64-apple-darwin18 --enable-languages=c,c++,objc,obj-c++,lto,fortran,java --libdir=/opt/local/lib/gcc5 --includedir=/opt/local/include/gcc5 --infodir=/opt/local/share/info --mandir=/opt/local/share/man --datarootdir=/opt/local/share/gcc-5 --with-libiconv-prefix=/opt/local --with-local-prefix=/opt/local --with-system-zlib --disable-nls --program-suffix=-mp-5 --with-gxx-include-dir=/opt/local/include/gcc5/c++/ --with-gmp=/opt/local --with-mpfr=/opt/local --with-mpc=/opt/local --with-isl=/opt/local/libexec/isl18 --enable-stage1-checking --disable-multilib --enable-lto --enable-libstdcxx-time --with-build-config=bootstrap-debug --with-as=/opt/local/bin/as --with-ld=/opt/local/bin/ld --with-ar=/opt/local/bin/ar --with-bugurl=https://trac.macports.org/newticket --disable-tls --with-pkgversion='MacPorts gcc5 5.5.0_5' --with-sysroot=/Applications/Xcode.app/Contents/Developer/Platforms/MacOSX.platform/Developer/SDKs/MacOSX10.14.sdk
Thread model: posix
gcc version 5.5.0 (MacPorts gcc5 5.5.0_5) 
COLLECT_GCC_OPTIONS='-mmacosx-version-min=10.14.7' '-isysroot' '/Applications/Xcode.app/Contents/Developer/Platforms/MacOSX.platform/Developer/SDKs/MacOSX10.14.sdk' '-v' '-o' 'CMakeFiles/cmTC_502cd.dir/CMakeCXXCompilerABI.cpp.o' '-c' '-shared-libgcc' '-mtune=core2'
 /opt/local/libexec/gcc/x86_64-apple-darwin18/5.5.0/cc1plus -quiet -v -D__DYNAMIC__ -isysroot /Applications/Xcode.app/Contents/Developer/Platforms/MacOSX.platform/Developer/SDKs/MacOSX10.14.sdk /Applications/CLion.app/Contents/bin/cmake/mac/share/cmake-3.14/Modules/CMakeCXXCompilerABI.cpp -fPIC -quiet -dumpbase CMakeCXXCompilerABI.cpp -mmacosx-version-min=10.14.7 -mtune=core2 -auxbase-strip CMakeFiles/cmTC_502cd.dir/CMakeCXXCompilerABI.cpp.o -version -o /var/folders/t7/qlsqklk524s4xlzh5s1znqmd8yyg6y/T//cceQOuj0.s
GNU C++ (MacPorts gcc5 5.5.0_5) version 5.5.0 (x86_64-apple-darwin18)
	compiled by GNU C version 5.5.0, GMP version 6.1.2, MPFR version 4.0.2, MPC version 1.1.0
GGC heuristics: --param ggc-min-expand=100 --param ggc-min-heapsize=131072
ignoring nonexistent directory "/Applications/Xcode.app/Contents/Developer/Platforms/MacOSX.platform/Developer/SDKs/MacOSX10.14.sdk/opt/local/include"
ignoring nonexistent directory "/opt/local/lib/gcc5/gcc/x86_64-apple-darwin18/5.5.0/../../../../../x86_64-apple-darwin18/include"
ignoring nonexistent directory "/Applications/Xcode.app/Contents/Developer/Platforms/MacOSX.platform/Developer/SDKs/MacOSX10.14.sdk/Library/Frameworks"
#include "..." search starts here:
#include <...> search starts here:
 /opt/local/include/gcc5/c++/
 /opt/local/include/gcc5/c++//x86_64-apple-darwin18
 /opt/local/include/gcc5/c++//backward
 /opt/local/lib/gcc5/gcc/x86_64-apple-darwin18/5.5.0/include
 /opt/local/lib/gcc5/gcc/x86_64-apple-darwin18/5.5.0/include-fixed
 /Applications/Xcode.app/Contents/Developer/Platforms/MacOSX.platform/Developer/SDKs/MacOSX10.14.sdk/usr/include
 /Applications/Xcode.app/Contents/Developer/Platforms/MacOSX.platform/Developer/SDKs/MacOSX10.14.sdk/System/Library/Frameworks
End of search list.
GNU C++ (MacPorts gcc5 5.5.0_5) version 5.5.0 (x86_64-apple-darwin18)
	compiled by GNU C version 5.5.0, GMP version 6.1.2, MPFR version 4.0.2, MPC version 1.1.0
GGC heuristics: --param ggc-min-expand=100 --param ggc-min-heapsize=131072
Compiler executable checksum: 2d80ae59c74ecbb3738433f0b85e6906
COLLECT_GCC_OPTIONS='-mmacosx-version-min=10.14.7' '-isysroot' '/Applications/Xcode.app/Contents/Developer/Platforms/MacOSX.platform/Developer/SDKs/MacOSX10.14.sdk' '-v' '-o' 'CMakeFiles/cmTC_502cd.dir/CMakeCXXCompilerABI.cpp.o' '-c' '-shared-libgcc' '-mtune=core2'
 /opt/local/bin/as -arch x86_64 -force_cpusubtype_ALL -o CMakeFiles/cmTC_502cd.dir/CMakeCXXCompilerABI.cpp.o /var/folders/t7/qlsqklk524s4xlzh5s1znqmd8yyg6y/T//cceQOuj0.s
COMPILER_PATH=/opt/local/libexec/gcc/x86_64-apple-darwin18/5.5.0/:/opt/local/libexec/gcc/x86_64-apple-darwin18/5.5.0/:/opt/local/libexec/gcc/x86_64-apple-darwin18/:/opt/local/lib/gcc5/gcc/x86_64-apple-darwin18/5.5.0/:/opt/local/lib/gcc5/gcc/x86_64-apple-darwin18/
LIBRARY_PATH=/opt/local/lib/gcc5/gcc/x86_64-apple-darwin18/5.5.0/:/opt/local/lib/gcc5/gcc/x86_64-apple-darwin18/5.5.0/../../../:/Applications/Xcode.app/Contents/Developer/Platforms/MacOSX.platform/Developer/SDKs/MacOSX10.14.sdk/usr/lib/
COLLECT_GCC_OPTIONS='-mmacosx-version-min=10.14.7' '-isysroot' '/Applications/Xcode.app/Contents/Developer/Platforms/MacOSX.platform/Developer/SDKs/MacOSX10.14.sdk' '-v' '-o' 'CMakeFiles/cmTC_502cd.dir/CMakeCXXCompilerABI.cpp.o' '-c' '-shared-libgcc' '-mtune=core2'
Linking CXX executable cmTC_502cd
/Applications/CLion.app/Contents/bin/cmake/mac/bin/cmake -E cmake_link_script CMakeFiles/cmTC_502cd.dir/link.txt --verbose=1
/opt/local/bin/c++-mp-5    -isysroot /Applications/Xcode.app/Contents/Developer/Platforms/MacOSX.platform/Developer/SDKs/MacOSX10.14.sdk -Wl,-search_paths_first -Wl,-headerpad_max_install_names  -v -Wl,-v CMakeFiles/cmTC_502cd.dir/CMakeCXXCompilerABI.cpp.o  -o cmTC_502cd 
Using built-in specs.
COLLECT_GCC=/opt/local/bin/c++-mp-5
COLLECT_LTO_WRAPPER=/opt/local/libexec/gcc/x86_64-apple-darwin18/5.5.0/lto-wrapper
Target: x86_64-apple-darwin18
Configured with: /opt/local/var/macports/build/_opt_bblocal_var_buildworker_ports_build_ports_lang_gcc5/gcc5/work/gcc-5.5.0/configure --prefix=/opt/local --build=x86_64-apple-darwin18 --enable-languages=c,c++,objc,obj-c++,lto,fortran,java --libdir=/opt/local/lib/gcc5 --includedir=/opt/local/include/gcc5 --infodir=/opt/local/share/info --mandir=/opt/local/share/man --datarootdir=/opt/local/share/gcc-5 --with-libiconv-prefix=/opt/local --with-local-prefix=/opt/local --with-system-zlib --disable-nls --program-suffix=-mp-5 --with-gxx-include-dir=/opt/local/include/gcc5/c++/ --with-gmp=/opt/local --with-mpfr=/opt/local --with-mpc=/opt/local --with-isl=/opt/local/libexec/isl18 --enable-stage1-checking --disable-multilib --enable-lto --enable-libstdcxx-time --with-build-config=bootstrap-debug --with-as=/opt/local/bin/as --with-ld=/opt/local/bin/ld --with-ar=/opt/local/bin/ar --with-bugurl=https://trac.macports.org/newticket --disable-tls --with-pkgversion='MacPorts gcc5 5.5.0_5' --with-sysroot=/Applications/Xcode.app/Contents/Developer/Platforms/MacOSX.platform/Developer/SDKs/MacOSX10.14.sdk
Thread model: posix
gcc version 5.5.0 (MacPorts gcc5 5.5.0_5) 
COMPILER_PATH=/opt/local/libexec/gcc/x86_64-apple-darwin18/5.5.0/:/opt/local/libexec/gcc/x86_64-apple-darwin18/5.5.0/:/opt/local/libexec/gcc/x86_64-apple-darwin18/:/opt/local/lib/gcc5/gcc/x86_64-apple-darwin18/5.5.0/:/opt/local/lib/gcc5/gcc/x86_64-apple-darwin18/
LIBRARY_PATH=/opt/local/lib/gcc5/gcc/x86_64-apple-darwin18/5.5.0/:/opt/local/lib/gcc5/gcc/x86_64-apple-darwin18/5.5.0/../../../:/Applications/Xcode.app/Contents/Developer/Platforms/MacOSX.platform/Developer/SDKs/MacOSX10.14.sdk/usr/lib/
COLLECT_GCC_OPTIONS='-mmacosx-version-min=10.14.7' '-isysroot' '/Applications/Xcode.app/Contents/Developer/Platforms/MacOSX.platform/Developer/SDKs/MacOSX10.14.sdk' '-v' '-o' 'cmTC_502cd' '-shared-libgcc' '-mtune=core2'
 /opt/local/libexec/gcc/x86_64-apple-darwin18/5.5.0/collect2 -dynamic -arch x86_64 -macosx_version_min 10.14.7 -syslibroot /Applications/Xcode.app/Contents/Developer/Platforms/MacOSX.platform/Developer/SDKs/MacOSX10.14.sdk -weak_reference_mismatches non-weak -o cmTC_502cd -L/opt/local/lib/gcc5/gcc/x86_64-apple-darwin18/5.5.0 -L/opt/local/lib/gcc5/gcc/x86_64-apple-darwin18/5.5.0/../../.. -L/Applications/Xcode.app/Contents/Developer/Platforms/MacOSX.platform/Developer/SDKs/MacOSX10.14.sdk/usr/lib -search_paths_first -headerpad_max_install_names -v CMakeFiles/cmTC_502cd.dir/CMakeCXXCompilerABI.cpp.o -lstdc++ -no_compact_unwind -lSystem -lgcc_ext.10.5 -lgcc -lSystem -v
collect2 version 5.5.0
/opt/local/bin/ld -dynamic -arch x86_64 -macosx_version_min 10.14.7 -syslibroot /Applications/Xcode.app/Contents/Developer/Platforms/MacOSX.platform/Developer/SDKs/MacOSX10.14.sdk -weak_reference_mismatches non-weak -o cmTC_502cd -L/opt/local/lib/gcc5/gcc/x86_64-apple-darwin18/5.5.0 -L/opt/local/lib/gcc5/gcc/x86_64-apple-darwin18/5.5.0/../../.. -L/Applications/Xcode.app/Contents/Developer/Platforms/MacOSX.platform/Developer/SDKs/MacOSX10.14.sdk/usr/lib -search_paths_first -headerpad_max_install_names -v CMakeFiles/cmTC_502cd.dir/CMakeCXXCompilerABI.cpp.o -lstdc++ -no_compact_unwind -lSystem -lgcc_ext.10.5 -lgcc -lSystem -v
@(#)PROGRAM:ld  PROJECT:ld64-450.3
BUILD 18:16:53 Apr  5 2019
configured to support archs: armv6 armv7 armv7s arm64 arm64e arm64_32 i386 x86_64 x86_64h armv6m armv7k armv7m armv7em
@(#)PROGRAM:ld  PROJECT:ld64-450.3
BUILD 18:16:53 Apr  5 2019
configured to support archs: armv6 armv7 armv7s arm64 arm64e arm64_32 i386 x86_64 x86_64h armv6m armv7k armv7m armv7em
Library search paths:
	/opt/local/lib/gcc5/gcc/x86_64-apple-darwin18/5.5.0
	/opt/local/lib/gcc5
	/Applications/Xcode.app/Contents/Developer/Platforms/MacOSX.platform/Developer/SDKs/MacOSX10.14.sdk/usr/lib
	/Applications/Xcode.app/Contents/Developer/Platforms/MacOSX.platform/Developer/SDKs/MacOSX10.14.sdk/usr/lib
Framework search paths:
	/Applications/Xcode.app/Contents/Developer/Platforms/MacOSX.platform/Developer/SDKs/MacOSX10.14.sdk/System/Library/Frameworks/
 /opt/local/bin/nm -n CMakeFiles/cmTC_502cd.dir/CMakeCXXCompilerABI.cpp.o


Parsed CXX implicit include dir info from above output: rv=done
  found start of include info
  found start of implicit include info
    add: [/opt/local/include/gcc5/c++/]
    add: [/opt/local/include/gcc5/c++//x86_64-apple-darwin18]
    add: [/opt/local/include/gcc5/c++//backward]
    add: [/opt/local/lib/gcc5/gcc/x86_64-apple-darwin18/5.5.0/include]
    add: [/opt/local/lib/gcc5/gcc/x86_64-apple-darwin18/5.5.0/include-fixed]
    add: [/Applications/Xcode.app/Contents/Developer/Platforms/MacOSX.platform/Developer/SDKs/MacOSX10.14.sdk/usr/include]
    add: [/Applications/Xcode.app/Contents/Developer/Platforms/MacOSX.platform/Developer/SDKs/MacOSX10.14.sdk/System/Library/Frameworks]
  end of search list found
  collapse include dir [/opt/local/include/gcc5/c++/] ==> [/opt/local/include/gcc5/c++]
  collapse include dir [/opt/local/include/gcc5/c++//x86_64-apple-darwin18] ==> [/opt/local/include/gcc5/c++/x86_64-apple-darwin18]
  collapse include dir [/opt/local/include/gcc5/c++//backward] ==> [/opt/local/include/gcc5/c++/backward]
  collapse include dir [/opt/local/lib/gcc5/gcc/x86_64-apple-darwin18/5.5.0/include] ==> [/opt/local/lib/gcc5/gcc/x86_64-apple-darwin18/5.5.0/include]
  collapse include dir [/opt/local/lib/gcc5/gcc/x86_64-apple-darwin18/5.5.0/include-fixed] ==> [/opt/local/lib/gcc5/gcc/x86_64-apple-darwin18/5.5.0/include-fixed]
  collapse include dir [/Applications/Xcode.app/Contents/Developer/Platforms/MacOSX.platform/Developer/SDKs/MacOSX10.14.sdk/usr/include] ==> [/Applications/Xcode.app/Contents/Developer/Platforms/MacOSX.platform/Developer/SDKs/MacOSX10.14.sdk/usr/include]
  collapse include dir [/Applications/Xcode.app/Contents/Developer/Platforms/MacOSX.platform/Developer/SDKs/MacOSX10.14.sdk/System/Library/Frameworks] ==> [/Applications/Xcode.app/Contents/Developer/Platforms/MacOSX.platform/Developer/SDKs/MacOSX10.14.sdk/System/Library/Frameworks]
  implicit include dirs: [/opt/local/include/gcc5/c++;/opt/local/include/gcc5/c++/x86_64-apple-darwin18;/opt/local/include/gcc5/c++/backward;/opt/local/lib/gcc5/gcc/x86_64-apple-darwin18/5.5.0/include;/opt/local/lib/gcc5/gcc/x86_64-apple-darwin18/5.5.0/include-fixed;/Applications/Xcode.app/Contents/Developer/Platforms/MacOSX.platform/Developer/SDKs/MacOSX10.14.sdk/usr/include;/Applications/Xcode.app/Contents/Developer/Platforms/MacOSX.platform/Developer/SDKs/MacOSX10.14.sdk/System/Library/Frameworks]


Parsed CXX implicit link information from above output:
  link line regex: [^( *|.*[/\])(ld|CMAKE_LINK_STARTFILE-NOTFOUND|([^/\]+-)?ld|collect2)[^/\]*( |$)]
  ignore line: [Change Dir: /Users/bulakhigor/CLionProjects/Red/cmake-build-default/CMakeFiles/CMakeTmp]
  ignore line: []
  ignore line: [Run Build Command(s):/usr/bin/make cmTC_502cd/fast ]
  ignore line: [/Applications/Xcode.app/Contents/Developer/usr/bin/make -f CMakeFiles/cmTC_502cd.dir/build.make CMakeFiles/cmTC_502cd.dir/build]
  ignore line: [Building CXX object CMakeFiles/cmTC_502cd.dir/CMakeCXXCompilerABI.cpp.o]
  ignore line: [/opt/local/bin/c++-mp-5    -isysroot /Applications/Xcode.app/Contents/Developer/Platforms/MacOSX.platform/Developer/SDKs/MacOSX10.14.sdk   -v -Wl,-v -o CMakeFiles/cmTC_502cd.dir/CMakeCXXCompilerABI.cpp.o -c /Applications/CLion.app/Contents/bin/cmake/mac/share/cmake-3.14/Modules/CMakeCXXCompilerABI.cpp]
  ignore line: [Using built-in specs.]
  ignore line: [COLLECT_GCC=/opt/local/bin/c++-mp-5]
  ignore line: [Target: x86_64-apple-darwin18]
  ignore line: [Configured with: /opt/local/var/macports/build/_opt_bblocal_var_buildworker_ports_build_ports_lang_gcc5/gcc5/work/gcc-5.5.0/configure --prefix=/opt/local --build=x86_64-apple-darwin18 --enable-languages=c,c++,objc,obj-c++,lto,fortran,java --libdir=/opt/local/lib/gcc5 --includedir=/opt/local/include/gcc5 --infodir=/opt/local/share/info --mandir=/opt/local/share/man --datarootdir=/opt/local/share/gcc-5 --with-libiconv-prefix=/opt/local --with-local-prefix=/opt/local --with-system-zlib --disable-nls --program-suffix=-mp-5 --with-gxx-include-dir=/opt/local/include/gcc5/c++/ --with-gmp=/opt/local --with-mpfr=/opt/local --with-mpc=/opt/local --with-isl=/opt/local/libexec/isl18 --enable-stage1-checking --disable-multilib --enable-lto --enable-libstdcxx-time --with-build-config=bootstrap-debug --with-as=/opt/local/bin/as --with-ld=/opt/local/bin/ld --with-ar=/opt/local/bin/ar --with-bugurl=https://trac.macports.org/newticket --disable-tls --with-pkgversion='MacPorts gcc5 5.5.0_5' --with-sysroot=/Applications/Xcode.app/Contents/Developer/Platforms/MacOSX.platform/Developer/SDKs/MacOSX10.14.sdk]
  ignore line: [Thread model: posix]
  ignore line: [gcc version 5.5.0 (MacPorts gcc5 5.5.0_5) ]
  ignore line: [COLLECT_GCC_OPTIONS='-mmacosx-version-min=10.14.7' '-isysroot' '/Applications/Xcode.app/Contents/Developer/Platforms/MacOSX.platform/Developer/SDKs/MacOSX10.14.sdk' '-v' '-o' 'CMakeFiles/cmTC_502cd.dir/CMakeCXXCompilerABI.cpp.o' '-c' '-shared-libgcc' '-mtune=core2']
  ignore line: [ /opt/local/libexec/gcc/x86_64-apple-darwin18/5.5.0/cc1plus -quiet -v -D__DYNAMIC__ -isysroot /Applications/Xcode.app/Contents/Developer/Platforms/MacOSX.platform/Developer/SDKs/MacOSX10.14.sdk /Applications/CLion.app/Contents/bin/cmake/mac/share/cmake-3.14/Modules/CMakeCXXCompilerABI.cpp -fPIC -quiet -dumpbase CMakeCXXCompilerABI.cpp -mmacosx-version-min=10.14.7 -mtune=core2 -auxbase-strip CMakeFiles/cmTC_502cd.dir/CMakeCXXCompilerABI.cpp.o -version -o /var/folders/t7/qlsqklk524s4xlzh5s1znqmd8yyg6y/T//cceQOuj0.s]
  ignore line: [GNU C++ (MacPorts gcc5 5.5.0_5) version 5.5.0 (x86_64-apple-darwin18)]
  ignore line: [	compiled by GNU C version 5.5.0, GMP version 6.1.2, MPFR version 4.0.2, MPC version 1.1.0]
  ignore line: [GGC heuristics: --param ggc-min-expand=100 --param ggc-min-heapsize=131072]
  ignore line: [ignoring nonexistent directory "/Applications/Xcode.app/Contents/Developer/Platforms/MacOSX.platform/Developer/SDKs/MacOSX10.14.sdk/opt/local/include"]
  ignore line: [ignoring nonexistent directory "/opt/local/lib/gcc5/gcc/x86_64-apple-darwin18/5.5.0/../../../../../x86_64-apple-darwin18/include"]
  ignore line: [ignoring nonexistent directory "/Applications/Xcode.app/Contents/Developer/Platforms/MacOSX.platform/Developer/SDKs/MacOSX10.14.sdk/Library/Frameworks"]
  ignore line: [#include "..." search starts here:]
  ignore line: [#include <...> search starts here:]
  ignore line: [ /opt/local/include/gcc5/c++/]
  ignore line: [ /opt/local/include/gcc5/c++//x86_64-apple-darwin18]
  ignore line: [ /opt/local/include/gcc5/c++//backward]
  ignore line: [ /opt/local/lib/gcc5/gcc/x86_64-apple-darwin18/5.5.0/include]
  ignore line: [ /opt/local/lib/gcc5/gcc/x86_64-apple-darwin18/5.5.0/include-fixed]
  ignore line: [ /Applications/Xcode.app/Contents/Developer/Platforms/MacOSX.platform/Developer/SDKs/MacOSX10.14.sdk/usr/include]
  ignore line: [ /Applications/Xcode.app/Contents/Developer/Platforms/MacOSX.platform/Developer/SDKs/MacOSX10.14.sdk/System/Library/Frameworks]
  ignore line: [End of search list.]
  ignore line: [GNU C++ (MacPorts gcc5 5.5.0_5) version 5.5.0 (x86_64-apple-darwin18)]
  ignore line: [	compiled by GNU C version 5.5.0, GMP version 6.1.2, MPFR version 4.0.2, MPC version 1.1.0]
  ignore line: [GGC heuristics: --param ggc-min-expand=100 --param ggc-min-heapsize=131072]
  ignore line: [Compiler executable checksum: 2d80ae59c74ecbb3738433f0b85e6906]
  ignore line: [COLLECT_GCC_OPTIONS='-mmacosx-version-min=10.14.7' '-isysroot' '/Applications/Xcode.app/Contents/Developer/Platforms/MacOSX.platform/Developer/SDKs/MacOSX10.14.sdk' '-v' '-o' 'CMakeFiles/cmTC_502cd.dir/CMakeCXXCompilerABI.cpp.o' '-c' '-shared-libgcc' '-mtune=core2']
  ignore line: [ /opt/local/bin/as -arch x86_64 -force_cpusubtype_ALL -o CMakeFiles/cmTC_502cd.dir/CMakeCXXCompilerABI.cpp.o /var/folders/t7/qlsqklk524s4xlzh5s1znqmd8yyg6y/T//cceQOuj0.s]
  ignore line: [COMPILER_PATH=/opt/local/libexec/gcc/x86_64-apple-darwin18/5.5.0/:/opt/local/libexec/gcc/x86_64-apple-darwin18/5.5.0/:/opt/local/libexec/gcc/x86_64-apple-darwin18/:/opt/local/lib/gcc5/gcc/x86_64-apple-darwin18/5.5.0/:/opt/local/lib/gcc5/gcc/x86_64-apple-darwin18/]
  ignore line: [LIBRARY_PATH=/opt/local/lib/gcc5/gcc/x86_64-apple-darwin18/5.5.0/:/opt/local/lib/gcc5/gcc/x86_64-apple-darwin18/5.5.0/../../../:/Applications/Xcode.app/Contents/Developer/Platforms/MacOSX.platform/Developer/SDKs/MacOSX10.14.sdk/usr/lib/]
  ignore line: [COLLECT_GCC_OPTIONS='-mmacosx-version-min=10.14.7' '-isysroot' '/Applications/Xcode.app/Contents/Developer/Platforms/MacOSX.platform/Developer/SDKs/MacOSX10.14.sdk' '-v' '-o' 'CMakeFiles/cmTC_502cd.dir/CMakeCXXCompilerABI.cpp.o' '-c' '-shared-libgcc' '-mtune=core2']
  ignore line: [Linking CXX executable cmTC_502cd]
  ignore line: [/Applications/CLion.app/Contents/bin/cmake/mac/bin/cmake -E cmake_link_script CMakeFiles/cmTC_502cd.dir/link.txt --verbose=1]
  ignore line: [/opt/local/bin/c++-mp-5    -isysroot /Applications/Xcode.app/Contents/Developer/Platforms/MacOSX.platform/Developer/SDKs/MacOSX10.14.sdk -Wl,-search_paths_first -Wl,-headerpad_max_install_names  -v -Wl,-v CMakeFiles/cmTC_502cd.dir/CMakeCXXCompilerABI.cpp.o  -o cmTC_502cd ]
  ignore line: [Using built-in specs.]
  ignore line: [COLLECT_GCC=/opt/local/bin/c++-mp-5]
  ignore line: [COLLECT_LTO_WRAPPER=/opt/local/libexec/gcc/x86_64-apple-darwin18/5.5.0/lto-wrapper]
  ignore line: [Target: x86_64-apple-darwin18]
  ignore line: [Configured with: /opt/local/var/macports/build/_opt_bblocal_var_buildworker_ports_build_ports_lang_gcc5/gcc5/work/gcc-5.5.0/configure --prefix=/opt/local --build=x86_64-apple-darwin18 --enable-languages=c,c++,objc,obj-c++,lto,fortran,java --libdir=/opt/local/lib/gcc5 --includedir=/opt/local/include/gcc5 --infodir=/opt/local/share/info --mandir=/opt/local/share/man --datarootdir=/opt/local/share/gcc-5 --with-libiconv-prefix=/opt/local --with-local-prefix=/opt/local --with-system-zlib --disable-nls --program-suffix=-mp-5 --with-gxx-include-dir=/opt/local/include/gcc5/c++/ --with-gmp=/opt/local --with-mpfr=/opt/local --with-mpc=/opt/local --with-isl=/opt/local/libexec/isl18 --enable-stage1-checking --disable-multilib --enable-lto --enable-libstdcxx-time --with-build-config=bootstrap-debug --with-as=/opt/local/bin/as --with-ld=/opt/local/bin/ld --with-ar=/opt/local/bin/ar --with-bugurl=https://trac.macports.org/newticket --disable-tls --with-pkgversion='MacPorts gcc5 5.5.0_5' --with-sysroot=/Applications/Xcode.app/Contents/Developer/Platforms/MacOSX.platform/Developer/SDKs/MacOSX10.14.sdk]
  ignore line: [Thread model: posix]
  ignore line: [gcc version 5.5.0 (MacPorts gcc5 5.5.0_5) ]
  ignore line: [COMPILER_PATH=/opt/local/libexec/gcc/x86_64-apple-darwin18/5.5.0/:/opt/local/libexec/gcc/x86_64-apple-darwin18/5.5.0/:/opt/local/libexec/gcc/x86_64-apple-darwin18/:/opt/local/lib/gcc5/gcc/x86_64-apple-darwin18/5.5.0/:/opt/local/lib/gcc5/gcc/x86_64-apple-darwin18/]
  ignore line: [LIBRARY_PATH=/opt/local/lib/gcc5/gcc/x86_64-apple-darwin18/5.5.0/:/opt/local/lib/gcc5/gcc/x86_64-apple-darwin18/5.5.0/../../../:/Applications/Xcode.app/Contents/Developer/Platforms/MacOSX.platform/Developer/SDKs/MacOSX10.14.sdk/usr/lib/]
  ignore line: [COLLECT_GCC_OPTIONS='-mmacosx-version-min=10.14.7' '-isysroot' '/Applications/Xcode.app/Contents/Developer/Platforms/MacOSX.platform/Developer/SDKs/MacOSX10.14.sdk' '-v' '-o' 'cmTC_502cd' '-shared-libgcc' '-mtune=core2']
  link line: [ /opt/local/libexec/gcc/x86_64-apple-darwin18/5.5.0/collect2 -dynamic -arch x86_64 -macosx_version_min 10.14.7 -syslibroot /Applications/Xcode.app/Contents/Developer/Platforms/MacOSX.platform/Developer/SDKs/MacOSX10.14.sdk -weak_reference_mismatches non-weak -o cmTC_502cd -L/opt/local/lib/gcc5/gcc/x86_64-apple-darwin18/5.5.0 -L/opt/local/lib/gcc5/gcc/x86_64-apple-darwin18/5.5.0/../../.. -L/Applications/Xcode.app/Contents/Developer/Platforms/MacOSX.platform/Developer/SDKs/MacOSX10.14.sdk/usr/lib -search_paths_first -headerpad_max_install_names -v CMakeFiles/cmTC_502cd.dir/CMakeCXXCompilerABI.cpp.o -lstdc++ -no_compact_unwind -lSystem -lgcc_ext.10.5 -lgcc -lSystem -v]
    arg [/opt/local/libexec/gcc/x86_64-apple-darwin18/5.5.0/collect2] ==> ignore
    arg [-dynamic] ==> ignore
    arg [-arch] ==> ignore
    arg [x86_64] ==> ignore
    arg [-macosx_version_min] ==> ignore
    arg [10.14.7] ==> ignore
    arg [-syslibroot] ==> ignore
    arg [/Applications/Xcode.app/Contents/Developer/Platforms/MacOSX.platform/Developer/SDKs/MacOSX10.14.sdk] ==> ignore
    arg [-weak_reference_mismatches] ==> ignore
    arg [non-weak] ==> ignore
    arg [-o] ==> ignore
    arg [cmTC_502cd] ==> ignore
    arg [-L/opt/local/lib/gcc5/gcc/x86_64-apple-darwin18/5.5.0] ==> dir [/opt/local/lib/gcc5/gcc/x86_64-apple-darwin18/5.5.0]
    arg [-L/opt/local/lib/gcc5/gcc/x86_64-apple-darwin18/5.5.0/../../..] ==> dir [/opt/local/lib/gcc5/gcc/x86_64-apple-darwin18/5.5.0/../../..]
    arg [-L/Applications/Xcode.app/Contents/Developer/Platforms/MacOSX.platform/Developer/SDKs/MacOSX10.14.sdk/usr/lib] ==> dir [/Applications/Xcode.app/Contents/Developer/Platforms/MacOSX.platform/Developer/SDKs/MacOSX10.14.sdk/usr/lib]
    arg [-search_paths_first] ==> ignore
    arg [-headerpad_max_install_names] ==> ignore
    arg [-v] ==> ignore
    arg [CMakeFiles/cmTC_502cd.dir/CMakeCXXCompilerABI.cpp.o] ==> ignore
    arg [-lstdc++] ==> lib [stdc++]
    arg [-no_compact_unwind] ==> ignore
    arg [-lSystem] ==> lib [System]
    arg [-lgcc_ext.10.5] ==> lib [gcc_ext.10.5]
    arg [-lgcc] ==> lib [gcc]
    arg [-lSystem] ==> lib [System]
    arg [-v] ==> ignore
  Library search paths: [;/opt/local/lib/gcc5/gcc/x86_64-apple-darwin18/5.5.0;/opt/local/lib/gcc5;/Applications/Xcode.app/Contents/Developer/Platforms/MacOSX.platform/Developer/SDKs/MacOSX10.14.sdk/usr/lib;/Applications/Xcode.app/Contents/Developer/Platforms/MacOSX.platform/Developer/SDKs/MacOSX10.14.sdk/usr/lib]
  Framework search paths: [;/Applications/Xcode.app/Contents/Developer/Platforms/MacOSX.platform/Developer/SDKs/MacOSX10.14.sdk/System/Library/Frameworks/]
  remove lib [System]
  remove lib [System]
  collapse library dir [/opt/local/lib/gcc5/gcc/x86_64-apple-darwin18/5.5.0] ==> [/opt/local/lib/gcc5/gcc/x86_64-apple-darwin18/5.5.0]
  collapse library dir [/opt/local/lib/gcc5/gcc/x86_64-apple-darwin18/5.5.0/../../..] ==> [/opt/local/lib/gcc5]
  collapse library dir [/Applications/Xcode.app/Contents/Developer/Platforms/MacOSX.platform/Developer/SDKs/MacOSX10.14.sdk/usr/lib] ==> [/Applications/Xcode.app/Contents/Developer/Platforms/MacOSX.platform/Developer/SDKs/MacOSX10.14.sdk/usr/lib]
  collapse library dir [/opt/local/lib/gcc5/gcc/x86_64-apple-darwin18/5.5.0] ==> [/opt/local/lib/gcc5/gcc/x86_64-apple-darwin18/5.5.0]
  collapse library dir [/opt/local/lib/gcc5] ==> [/opt/local/lib/gcc5]
  collapse library dir [/Applications/Xcode.app/Contents/Developer/Platforms/MacOSX.platform/Developer/SDKs/MacOSX10.14.sdk/usr/lib] ==> [/Applications/Xcode.app/Contents/Developer/Platforms/MacOSX.platform/Developer/SDKs/MacOSX10.14.sdk/usr/lib]
  collapse library dir [/Applications/Xcode.app/Contents/Developer/Platforms/MacOSX.platform/Developer/SDKs/MacOSX10.14.sdk/usr/lib] ==> [/Applications/Xcode.app/Contents/Developer/Platforms/MacOSX.platform/Developer/SDKs/MacOSX10.14.sdk/usr/lib]
  collapse framework dir [/Applications/Xcode.app/Contents/Developer/Platforms/MacOSX.platform/Developer/SDKs/MacOSX10.14.sdk/System/Library/Frameworks/] ==> [/Applications/Xcode.app/Contents/Developer/Platforms/MacOSX.platform/Developer/SDKs/MacOSX10.14.sdk/System/Library/Frameworks]
  implicit libs: [stdc++;gcc_ext.10.5;gcc]
  implicit dirs: [/opt/local/lib/gcc5/gcc/x86_64-apple-darwin18/5.5.0;/opt/local/lib/gcc5;/Applications/Xcode.app/Contents/Developer/Platforms/MacOSX.platform/Developer/SDKs/MacOSX10.14.sdk/usr/lib]
  implicit fwks: [/Applications/Xcode.app/Contents/Developer/Platforms/MacOSX.platform/Developer/SDKs/MacOSX10.14.sdk/System/Library/Frameworks]




Detecting CXX [-std=c++1z] compiler features compiled with the following output:
Change Dir: /Users/bulakhigor/CLionProjects/Red/cmake-build-default/CMakeFiles/CMakeTmp

Run Build Command(s):/usr/bin/make cmTC_5b76a/fast 
/Applications/Xcode.app/Contents/Developer/usr/bin/make -f CMakeFiles/cmTC_5b76a.dir/build.make CMakeFiles/cmTC_5b76a.dir/build
Building CXX object CMakeFiles/cmTC_5b76a.dir/feature_tests.cxx.o
/opt/local/bin/c++-mp-5    -isysroot /Applications/Xcode.app/Contents/Developer/Platforms/MacOSX.platform/Developer/SDKs/MacOSX10.14.sdk   -std=c++1z -o CMakeFiles/cmTC_5b76a.dir/feature_tests.cxx.o -c /Users/bulakhigor/CLionProjects/Red/cmake-build-default/CMakeFiles/feature_tests.cxx
Linking CXX executable cmTC_5b76a
/Applications/CLion.app/Contents/bin/cmake/mac/bin/cmake -E cmake_link_script CMakeFiles/cmTC_5b76a.dir/link.txt --verbose=1
/opt/local/bin/c++-mp-5    -isysroot /Applications/Xcode.app/Contents/Developer/Platforms/MacOSX.platform/Developer/SDKs/MacOSX10.14.sdk -Wl,-search_paths_first -Wl,-headerpad_max_install_names   CMakeFiles/cmTC_5b76a.dir/feature_tests.cxx.o  -o cmTC_5b76a 


    Feature record: CXX_FEATURE:1cxx_aggregate_default_initializers
    Feature record: CXX_FEATURE:1cxx_alias_templates
    Feature record: CXX_FEATURE:1cxx_alignas
    Feature record: CXX_FEATURE:1cxx_alignof
    Feature record: CXX_FEATURE:1cxx_attributes
    Feature record: CXX_FEATURE:1cxx_attribute_deprecated
    Feature record: CXX_FEATURE:1cxx_auto_type
    Feature record: CXX_FEATURE:1cxx_binary_literals
    Feature record: CXX_FEATURE:1cxx_constexpr
    Feature record: CXX_FEATURE:1cxx_contextual_conversions
    Feature record: CXX_FEATURE:1cxx_decltype
    Feature record: CXX_FEATURE:1cxx_decltype_auto
    Feature record: CXX_FEATURE:1cxx_decltype_incomplete_return_types
    Feature record: CXX_FEATURE:1cxx_default_function_template_args
    Feature record: CXX_FEATURE:1cxx_defaulted_functions
    Feature record: CXX_FEATURE:1cxx_defaulted_move_initializers
    Feature record: CXX_FEATURE:1cxx_delegating_constructors
    Feature record: CXX_FEATURE:1cxx_deleted_functions
    Feature record: CXX_FEATURE:1cxx_digit_separators
    Feature record: CXX_FEATURE:1cxx_enum_forward_declarations
    Feature record: CXX_FEATURE:1cxx_explicit_conversions
    Feature record: CXX_FEATURE:1cxx_extended_friend_declarations
    Feature record: CXX_FEATURE:1cxx_extern_templates
    Feature record: CXX_FEATURE:1cxx_final
    Feature record: CXX_FEATURE:1cxx_func_identifier
    Feature record: CXX_FEATURE:1cxx_generalized_initializers
    Feature record: CXX_FEATURE:1cxx_generic_lambdas
    Feature record: CXX_FEATURE:1cxx_inheriting_constructors
    Feature record: CXX_FEATURE:1cxx_inline_namespaces
    Feature record: CXX_FEATURE:1cxx_lambdas
    Feature record: CXX_FEATURE:1cxx_lambda_init_captures
    Feature record: CXX_FEATURE:1cxx_local_type_template_args
    Feature record: CXX_FEATURE:1cxx_long_long_type
    Feature record: CXX_FEATURE:1cxx_noexcept
    Feature record: CXX_FEATURE:1cxx_nonstatic_member_init
    Feature record: CXX_FEATURE:1cxx_nullptr
    Feature record: CXX_FEATURE:1cxx_override
    Feature record: CXX_FEATURE:1cxx_range_for
    Feature record: CXX_FEATURE:1cxx_raw_string_literals
    Feature record: CXX_FEATURE:1cxx_reference_qualified_functions
    Feature record: CXX_FEATURE:1cxx_relaxed_constexpr
    Feature record: CXX_FEATURE:1cxx_return_type_deduction
    Feature record: CXX_FEATURE:1cxx_right_angle_brackets
    Feature record: CXX_FEATURE:1cxx_rvalue_references
    Feature record: CXX_FEATURE:1cxx_sizeof_member
    Feature record: CXX_FEATURE:1cxx_static_assert
    Feature record: CXX_FEATURE:1cxx_strong_enums
    Feature record: CXX_FEATURE:1cxx_template_template_parameters
    Feature record: CXX_FEATURE:1cxx_thread_local
    Feature record: CXX_FEATURE:1cxx_trailing_return_types
    Feature record: CXX_FEATURE:1cxx_unicode_literals
    Feature record: CXX_FEATURE:1cxx_uniform_initialization
    Feature record: CXX_FEATURE:1cxx_unrestricted_unions
    Feature record: CXX_FEATURE:1cxx_user_literals
    Feature record: CXX_FEATURE:1cxx_variable_templates
    Feature record: CXX_FEATURE:1cxx_variadic_macros
    Feature record: CXX_FEATURE:1cxx_variadic_templates


Detecting CXX [-std=c++14] compiler features compiled with the following output:
Change Dir: /Users/bulakhigor/CLionProjects/Red/cmake-build-default/CMakeFiles/CMakeTmp

Run Build Command(s):/usr/bin/make cmTC_22b48/fast 
/Applications/Xcode.app/Contents/Developer/usr/bin/make -f CMakeFiles/cmTC_22b48.dir/build.make CMakeFiles/cmTC_22b48.dir/build
Building CXX object CMakeFiles/cmTC_22b48.dir/feature_tests.cxx.o
/opt/local/bin/c++-mp-5    -isysroot /Applications/Xcode.app/Contents/Developer/Platforms/MacOSX.platform/Developer/SDKs/MacOSX10.14.sdk   -std=c++14 -o CMakeFiles/cmTC_22b48.dir/feature_tests.cxx.o -c /Users/bulakhigor/CLionProjects/Red/cmake-build-default/CMakeFiles/feature_tests.cxx
Linking CXX executable cmTC_22b48
/Applications/CLion.app/Contents/bin/cmake/mac/bin/cmake -E cmake_link_script CMakeFiles/cmTC_22b48.dir/link.txt --verbose=1
/opt/local/bin/c++-mp-5    -isysroot /Applications/Xcode.app/Contents/Developer/Platforms/MacOSX.platform/Developer/SDKs/MacOSX10.14.sdk -Wl,-search_paths_first -Wl,-headerpad_max_install_names   CMakeFiles/cmTC_22b48.dir/feature_tests.cxx.o  -o cmTC_22b48 


    Feature record: CXX_FEATURE:1cxx_aggregate_default_initializers
    Feature record: CXX_FEATURE:1cxx_alias_templates
    Feature record: CXX_FEATURE:1cxx_alignas
    Feature record: CXX_FEATURE:1cxx_alignof
    Feature record: CXX_FEATURE:1cxx_attributes
    Feature record: CXX_FEATURE:1cxx_attribute_deprecated
    Feature record: CXX_FEATURE:1cxx_auto_type
    Feature record: CXX_FEATURE:1cxx_binary_literals
    Feature record: CXX_FEATURE:1cxx_constexpr
    Feature record: CXX_FEATURE:1cxx_contextual_conversions
    Feature record: CXX_FEATURE:1cxx_decltype
    Feature record: CXX_FEATURE:1cxx_decltype_auto
    Feature record: CXX_FEATURE:1cxx_decltype_incomplete_return_types
    Feature record: CXX_FEATURE:1cxx_default_function_template_args
    Feature record: CXX_FEATURE:1cxx_defaulted_functions
    Feature record: CXX_FEATURE:1cxx_defaulted_move_initializers
    Feature record: CXX_FEATURE:1cxx_delegating_constructors
    Feature record: CXX_FEATURE:1cxx_deleted_functions
    Feature record: CXX_FEATURE:1cxx_digit_separators
    Feature record: CXX_FEATURE:1cxx_enum_forward_declarations
    Feature record: CXX_FEATURE:1cxx_explicit_conversions
    Feature record: CXX_FEATURE:1cxx_extended_friend_declarations
    Feature record: CXX_FEATURE:1cxx_extern_templates
    Feature record: CXX_FEATURE:1cxx_final
    Feature record: CXX_FEATURE:1cxx_func_identifier
    Feature record: CXX_FEATURE:1cxx_generalized_initializers
    Feature record: CXX_FEATURE:1cxx_generic_lambdas
    Feature record: CXX_FEATURE:1cxx_inheriting_constructors
    Feature record: CXX_FEATURE:1cxx_inline_namespaces
    Feature record: CXX_FEATURE:1cxx_lambdas
    Feature record: CXX_FEATURE:1cxx_lambda_init_captures
    Feature record: CXX_FEATURE:1cxx_local_type_template_args
    Feature record: CXX_FEATURE:1cxx_long_long_type
    Feature record: CXX_FEATURE:1cxx_noexcept
    Feature record: CXX_FEATURE:1cxx_nonstatic_member_init
    Feature record: CXX_FEATURE:1cxx_nullptr
    Feature record: CXX_FEATURE:1cxx_override
    Feature record: CXX_FEATURE:1cxx_range_for
    Feature record: CXX_FEATURE:1cxx_raw_string_literals
    Feature record: CXX_FEATURE:1cxx_reference_qualified_functions
    Feature record: CXX_FEATURE:1cxx_relaxed_constexpr
    Feature record: CXX_FEATURE:1cxx_return_type_deduction
    Feature record: CXX_FEATURE:1cxx_right_angle_brackets
    Feature record: CXX_FEATURE:1cxx_rvalue_references
    Feature record: CXX_FEATURE:1cxx_sizeof_member
    Feature record: CXX_FEATURE:1cxx_static_assert
    Feature record: CXX_FEATURE:1cxx_strong_enums
    Feature record: CXX_FEATURE:1cxx_template_template_parameters
    Feature record: CXX_FEATURE:1cxx_thread_local
    Feature record: CXX_FEATURE:1cxx_trailing_return_types
    Feature record: CXX_FEATURE:1cxx_unicode_literals
    Feature record: CXX_FEATURE:1cxx_uniform_initialization
    Feature record: CXX_FEATURE:1cxx_unrestricted_unions
    Feature record: CXX_FEATURE:1cxx_user_literals
    Feature record: CXX_FEATURE:1cxx_variable_templates
    Feature record: CXX_FEATURE:1cxx_variadic_macros
    Feature record: CXX_FEATURE:1cxx_variadic_templates


Detecting CXX [-std=c++11] compiler features compiled with the following output:
Change Dir: /Users/bulakhigor/CLionProjects/Red/cmake-build-default/CMakeFiles/CMakeTmp

Run Build Command(s):/usr/bin/make cmTC_7f136/fast 
/Applications/Xcode.app/Contents/Developer/usr/bin/make -f CMakeFiles/cmTC_7f136.dir/build.make CMakeFiles/cmTC_7f136.dir/build
Building CXX object CMakeFiles/cmTC_7f136.dir/feature_tests.cxx.o
/opt/local/bin/c++-mp-5    -isysroot /Applications/Xcode.app/Contents/Developer/Platforms/MacOSX.platform/Developer/SDKs/MacOSX10.14.sdk   -std=c++11 -o CMakeFiles/cmTC_7f136.dir/feature_tests.cxx.o -c /Users/bulakhigor/CLionProjects/Red/cmake-build-default/CMakeFiles/feature_tests.cxx
Linking CXX executable cmTC_7f136
/Applications/CLion.app/Contents/bin/cmake/mac/bin/cmake -E cmake_link_script CMakeFiles/cmTC_7f136.dir/link.txt --verbose=1
/opt/local/bin/c++-mp-5    -isysroot /Applications/Xcode.app/Contents/Developer/Platforms/MacOSX.platform/Developer/SDKs/MacOSX10.14.sdk -Wl,-search_paths_first -Wl,-headerpad_max_install_names   CMakeFiles/cmTC_7f136.dir/feature_tests.cxx.o  -o cmTC_7f136 


    Feature record: CXX_FEATURE:0cxx_aggregate_default_initializers
    Feature record: CXX_FEATURE:1cxx_alias_templates
    Feature record: CXX_FEATURE:1cxx_alignas
    Feature record: CXX_FEATURE:1cxx_alignof
    Feature record: CXX_FEATURE:1cxx_attributes
    Feature record: CXX_FEATURE:0cxx_attribute_deprecated
    Feature record: CXX_FEATURE:1cxx_auto_type
    Feature record: CXX_FEATURE:0cxx_binary_literals
    Feature record: CXX_FEATURE:1cxx_constexpr
    Feature record: CXX_FEATURE:0cxx_contextual_conversions
    Feature record: CXX_FEATURE:1cxx_decltype
    Feature record: CXX_FEATURE:0cxx_decltype_auto
    Feature record: CXX_FEATURE:1cxx_decltype_incomplete_return_types
    Feature record: CXX_FEATURE:1cxx_default_function_template_args
    Feature record: CXX_FEATURE:1cxx_defaulted_functions
    Feature record: CXX_FEATURE:1cxx_defaulted_move_initializers
    Feature record: CXX_FEATURE:1cxx_delegating_constructors
    Feature record: CXX_FEATURE:1cxx_deleted_functions
    Feature record: CXX_FEATURE:0cxx_digit_separators
    Feature record: CXX_FEATURE:1cxx_enum_forward_declarations
    Feature record: CXX_FEATURE:1cxx_explicit_conversions
    Feature record: CXX_FEATURE:1cxx_extended_friend_declarations
    Feature record: CXX_FEATURE:1cxx_extern_templates
    Feature record: CXX_FEATURE:1cxx_final
    Feature record: CXX_FEATURE:1cxx_func_identifier
    Feature record: CXX_FEATURE:1cxx_generalized_initializers
    Feature record: CXX_FEATURE:0cxx_generic_lambdas
    Feature record: CXX_FEATURE:1cxx_inheriting_constructors
    Feature record: CXX_FEATURE:1cxx_inline_namespaces
    Feature record: CXX_FEATURE:1cxx_lambdas
    Feature record: CXX_FEATURE:0cxx_lambda_init_captures
    Feature record: CXX_FEATURE:1cxx_local_type_template_args
    Feature record: CXX_FEATURE:1cxx_long_long_type
    Feature record: CXX_FEATURE:1cxx_noexcept
    Feature record: CXX_FEATURE:1cxx_nonstatic_member_init
    Feature record: CXX_FEATURE:1cxx_nullptr
    Feature record: CXX_FEATURE:1cxx_override
    Feature record: CXX_FEATURE:1cxx_range_for
    Feature record: CXX_FEATURE:1cxx_raw_string_literals
    Feature record: CXX_FEATURE:1cxx_reference_qualified_functions
    Feature record: CXX_FEATURE:0cxx_relaxed_constexpr
    Feature record: CXX_FEATURE:0cxx_return_type_deduction
    Feature record: CXX_FEATURE:1cxx_right_angle_brackets
    Feature record: CXX_FEATURE:1cxx_rvalue_references
    Feature record: CXX_FEATURE:1cxx_sizeof_member
    Feature record: CXX_FEATURE:1cxx_static_assert
    Feature record: CXX_FEATURE:1cxx_strong_enums
    Feature record: CXX_FEATURE:1cxx_template_template_parameters
    Feature record: CXX_FEATURE:1cxx_thread_local
    Feature record: CXX_FEATURE:1cxx_trailing_return_types
    Feature record: CXX_FEATURE:1cxx_unicode_literals
    Feature record: CXX_FEATURE:1cxx_uniform_initialization
    Feature record: CXX_FEATURE:1cxx_unrestricted_unions
    Feature record: CXX_FEATURE:1cxx_user_literals
    Feature record: CXX_FEATURE:0cxx_variable_templates
    Feature record: CXX_FEATURE:1cxx_variadic_macros
    Feature record: CXX_FEATURE:1cxx_variadic_templates


Detecting CXX [-std=c++98] compiler features compiled with the following output:
Change Dir: /Users/bulakhigor/CLionProjects/Red/cmake-build-default/CMakeFiles/CMakeTmp

Run Build Command(s):/usr/bin/make cmTC_95798/fast 
/Applications/Xcode.app/Contents/Developer/usr/bin/make -f CMakeFiles/cmTC_95798.dir/build.make CMakeFiles/cmTC_95798.dir/build
Building CXX object CMakeFiles/cmTC_95798.dir/feature_tests.cxx.o
/opt/local/bin/c++-mp-5    -isysroot /Applications/Xcode.app/Contents/Developer/Platforms/MacOSX.platform/Developer/SDKs/MacOSX10.14.sdk   -std=c++98 -o CMakeFiles/cmTC_95798.dir/feature_tests.cxx.o -c /Users/bulakhigor/CLionProjects/Red/cmake-build-default/CMakeFiles/feature_tests.cxx
Linking CXX executable cmTC_95798
/Applications/CLion.app/Contents/bin/cmake/mac/bin/cmake -E cmake_link_script CMakeFiles/cmTC_95798.dir/link.txt --verbose=1
/opt/local/bin/c++-mp-5    -isysroot /Applications/Xcode.app/Contents/Developer/Platforms/MacOSX.platform/Developer/SDKs/MacOSX10.14.sdk -Wl,-search_paths_first -Wl,-headerpad_max_install_names   CMakeFiles/cmTC_95798.dir/feature_tests.cxx.o  -o cmTC_95798 


    Feature record: CXX_FEATURE:0cxx_aggregate_default_initializers
    Feature record: CXX_FEATURE:0cxx_alias_templates
    Feature record: CXX_FEATURE:0cxx_alignas
    Feature record: CXX_FEATURE:0cxx_alignof
    Feature record: CXX_FEATURE:0cxx_attributes
    Feature record: CXX_FEATURE:0cxx_attribute_deprecated
    Feature record: CXX_FEATURE:0cxx_auto_type
    Feature record: CXX_FEATURE:0cxx_binary_literals
    Feature record: CXX_FEATURE:0cxx_constexpr
    Feature record: CXX_FEATURE:0cxx_contextual_conversions
    Feature record: CXX_FEATURE:0cxx_decltype
    Feature record: CXX_FEATURE:0cxx_decltype_auto
    Feature record: CXX_FEATURE:0cxx_decltype_incomplete_return_types
    Feature record: CXX_FEATURE:0cxx_default_function_template_args
    Feature record: CXX_FEATURE:0cxx_defaulted_functions
    Feature record: CXX_FEATURE:0cxx_defaulted_move_initializers
    Feature record: CXX_FEATURE:0cxx_delegating_constructors
    Feature record: CXX_FEATURE:0cxx_deleted_functions
    Feature record: CXX_FEATURE:0cxx_digit_separators
    Feature record: CXX_FEATURE:0cxx_enum_forward_declarations
    Feature record: CXX_FEATURE:0cxx_explicit_conversions
    Feature record: CXX_FEATURE:0cxx_extended_friend_declarations
    Feature record: CXX_FEATURE:0cxx_extern_templates
    Feature record: CXX_FEATURE:0cxx_final
    Feature record: CXX_FEATURE:0cxx_func_identifier
    Feature record: CXX_FEATURE:0cxx_generalized_initializers
    Feature record: CXX_FEATURE:0cxx_generic_lambdas
    Feature record: CXX_FEATURE:0cxx_inheriting_constructors
    Feature record: CXX_FEATURE:0cxx_inline_namespaces
    Feature record: CXX_FEATURE:0cxx_lambdas
    Feature record: CXX_FEATURE:0cxx_lambda_init_captures
    Feature record: CXX_FEATURE:0cxx_local_type_template_args
    Feature record: CXX_FEATURE:0cxx_long_long_type
    Feature record: CXX_FEATURE:0cxx_noexcept
    Feature record: CXX_FEATURE:0cxx_nonstatic_member_init
    Feature record: CXX_FEATURE:0cxx_nullptr
    Feature record: CXX_FEATURE:0cxx_override
    Feature record: CXX_FEATURE:0cxx_range_for
    Feature record: CXX_FEATURE:0cxx_raw_string_literals
    Feature record: CXX_FEATURE:0cxx_reference_qualified_functions
    Feature record: CXX_FEATURE:0cxx_relaxed_constexpr
    Feature record: CXX_FEATURE:0cxx_return_type_deduction
    Feature record: CXX_FEATURE:0cxx_right_angle_brackets
    Feature record: CXX_FEATURE:0cxx_rvalue_references
    Feature record: CXX_FEATURE:0cxx_sizeof_member
    Feature record: CXX_FEATURE:0cxx_static_assert
    Feature record: CXX_FEATURE:0cxx_strong_enums
    Feature record: CXX_FEATURE:1cxx_template_template_parameters
    Feature record: CXX_FEATURE:0cxx_thread_local
    Feature record: CXX_FEATURE:0cxx_trailing_return_types
    Feature record: CXX_FEATURE:0cxx_unicode_literals
    Feature record: CXX_FEATURE:0cxx_uniform_initialization
    Feature record: CXX_FEATURE:0cxx_unrestricted_unions
    Feature record: CXX_FEATURE:0cxx_user_literals
    Feature record: CXX_FEATURE:0cxx_variable_templates
    Feature record: CXX_FEATURE:0cxx_variadic_macros
    Feature record: CXX_FEATURE:0cxx_variadic_templates
